{"/Users/niksh/projects/tutorial/imagekit-react/src/components/ErrorBoundary.js": {"path":"/Users/niksh/projects/tutorial/imagekit-react/src/components/ErrorBoundary.js","statementMap":{"0":{"start":{"line":5,"column":4},"end":{"line":5,"column":17}},"1":{"start":{"line":6,"column":4},"end":{"line":10,"column":6}},"2":{"start":{"line":15,"column":4},"end":{"line":15,"column":80}},"3":{"start":{"line":19,"column":4},"end":{"line":22,"column":5}},"4":{"start":{"line":21,"column":6},"end":{"line":21,"column":41}},"5":{"start":{"line":23,"column":4},"end":{"line":23,"column":31}}},"fnMap":{"0":{"name":"(anonymous_0)","decl":{"start":{"line":4,"column":2},"end":{"line":4,"column":3}},"loc":{"start":{"line":4,"column":21},"end":{"line":11,"column":3}},"line":4},"1":{"name":"(anonymous_1)","decl":{"start":{"line":13,"column":2},"end":{"line":13,"column":3}},"loc":{"start":{"line":13,"column":33},"end":{"line":16,"column":3}},"line":13},"2":{"name":"(anonymous_2)","decl":{"start":{"line":18,"column":2},"end":{"line":18,"column":3}},"loc":{"start":{"line":18,"column":11},"end":{"line":24,"column":3}},"line":18}},"branchMap":{"0":{"loc":{"start":{"line":19,"column":4},"end":{"line":22,"column":5}},"type":"if","locations":[{"start":{"line":19,"column":4},"end":{"line":22,"column":5}},{"start":{"line":19,"column":4},"end":{"line":22,"column":5}}],"line":19}},"s":{"0":2,"1":2,"2":0,"3":2,"4":0,"5":2},"f":{"0":2,"1":0,"2":2},"b":{"0":[0,2]},"_coverageSchema":"1a1c01bbd47fc00a2c39e90264f33305004495a9","hash":"1388c55a950b67767b3b0e859bd5cd8efecd158c"}
,"/Users/niksh/projects/tutorial/imagekit-react/src/components/IKContext/ImageKitContextType.js": {"path":"/Users/niksh/projects/tutorial/imagekit-react/src/components/IKContext/ImageKitContextType.js","statementMap":{"0":{"start":{"line":2,"column":35},"end":{"line":2,"column":50}}},"fnMap":{},"branchMap":{},"s":{"0":4},"f":{},"b":{},"_coverageSchema":"1a1c01bbd47fc00a2c39e90264f33305004495a9","hash":"5b9366c081e249a5b3e6abcfb5571204eaa271f0"}
,"/Users/niksh/projects/tutorial/imagekit-react/src/components/IKContext/index.js": {"path":"/Users/niksh/projects/tutorial/imagekit-react/src/components/IKContext/index.js","statementMap":{"0":{"start":{"line":9,"column":19},"end":{"line":13,"column":1}},"1":{"start":{"line":26,"column":17},"end":{"line":26,"column":19}},"2":{"start":{"line":28,"column":21},"end":{"line":28,"column":44}},"3":{"start":{"line":30,"column":4},"end":{"line":34,"column":5}},"4":{"start":{"line":30,"column":17},"end":{"line":30,"column":18}},"5":{"start":{"line":31,"column":16},"end":{"line":31,"column":27}},"6":{"start":{"line":32,"column":20},"end":{"line":32,"column":38}},"7":{"start":{"line":33,"column":6},"end":{"line":33,"column":37}},"8":{"start":{"line":33,"column":17},"end":{"line":33,"column":37}},"9":{"start":{"line":36,"column":4},"end":{"line":36,"column":18}},"10":{"start":{"line":40,"column":25},"end":{"line":40,"column":35}},"11":{"start":{"line":42,"column":26},"end":{"line":42,"column":65}},"12":{"start":{"line":44,"column":27},"end":{"line":44,"column":68}},"13":{"start":{"line":46,"column":4},"end":{"line":51,"column":5}},"14":{"start":{"line":47,"column":6},"end":{"line":50,"column":9}},"15":{"start":{"line":53,"column":4},"end":{"line":57,"column":5}},"16":{"start":{"line":61,"column":0},"end":{"line":61,"column":33}},"17":{"start":{"line":62,"column":0},"end":{"line":62,"column":44}}},"fnMap":{"0":{"name":"(anonymous_0)","decl":{"start":{"line":25,"column":2},"end":{"line":25,"column":3}},"loc":{"start":{"line":25,"column":39},"end":{"line":37,"column":3}},"line":25},"1":{"name":"(anonymous_1)","decl":{"start":{"line":39,"column":2},"end":{"line":39,"column":3}},"loc":{"start":{"line":39,"column":11},"end":{"line":58,"column":3}},"line":39}},"branchMap":{"0":{"loc":{"start":{"line":33,"column":6},"end":{"line":33,"column":37}},"type":"if","locations":[{"start":{"line":33,"column":6},"end":{"line":33,"column":37}},{"start":{"line":33,"column":6},"end":{"line":33,"column":37}}],"line":33},"1":{"loc":{"start":{"line":46,"column":4},"end":{"line":51,"column":5}},"type":"if","locations":[{"start":{"line":46,"column":4},"end":{"line":51,"column":5}},{"start":{"line":46,"column":4},"end":{"line":51,"column":5}}],"line":46},"2":{"loc":{"start":{"line":46,"column":8},"end":{"line":46,"column":78}},"type":"binary-expr","locations":[{"start":{"line":46,"column":8},"end":{"line":46,"column":34}},{"start":{"line":46,"column":38},"end":{"line":46,"column":78}}],"line":46}},"s":{"0":2,"1":6,"2":6,"3":6,"4":6,"5":114,"6":114,"7":114,"8":15,"9":6,"10":6,"11":6,"12":6,"13":6,"14":6,"15":6,"16":2,"17":2},"f":{"0":6,"1":6},"b":{"0":[15,99],"1":[6,0],"2":[6,6]},"_coverageSchema":"1a1c01bbd47fc00a2c39e90264f33305004495a9","hash":"fc7ed1e9ab54d94628bbeeaf5664ce99f086980a"}
,"/Users/niksh/projects/tutorial/imagekit-react/src/components/IKContext/props.js": {"path":"/Users/niksh/projects/tutorial/imagekit-react/src/components/IKContext/props.js","statementMap":{},"fnMap":{},"branchMap":{},"s":{},"f":{},"b":{},"_coverageSchema":"1a1c01bbd47fc00a2c39e90264f33305004495a9","hash":"cb7c2506be21ec9b35bd765c90a7cf2d9a18f1ac"}
,"/Users/niksh/projects/tutorial/imagekit-react/src/components/IKImage/index.js": {"path":"/Users/niksh/projects/tutorial/imagekit-react/src/components/IKImage/index.js","statementMap":{"0":{"start":{"line":6,"column":19},"end":{"line":9,"column":1}},"1":{"start":{"line":13,"column":4},"end":{"line":13,"column":26}},"2":{"start":{"line":14,"column":4},"end":{"line":14,"column":38}},"3":{"start":{"line":15,"column":37},"end":{"line":15,"column":50}},"4":{"start":{"line":16,"column":4},"end":{"line":22,"column":6}},"5":{"start":{"line":26,"column":19},"end":{"line":26,"column":21}},"6":{"start":{"line":27,"column":89},"end":{"line":27,"column":99}},"7":{"start":{"line":28,"column":19},"end":{"line":28,"column":37}},"8":{"start":{"line":29,"column":27},"end":{"line":29,"column":44}},"9":{"start":{"line":31,"column":18},"end":{"line":38,"column":5}},"10":{"start":{"line":40,"column":4},"end":{"line":40,"column":47}},"11":{"start":{"line":42,"column":4},"end":{"line":51,"column":5}},"12":{"start":{"line":43,"column":20},"end":{"line":43,"column":72}},"13":{"start":{"line":44,"column":17},"end":{"line":44,"column":60}},"14":{"start":{"line":45,"column":6},"end":{"line":45,"column":60}},"15":{"start":{"line":46,"column":6},"end":{"line":49,"column":8}},"16":{"start":{"line":50,"column":6},"end":{"line":50,"column":45}},"17":{"start":{"line":53,"column":4},"end":{"line":53,"column":18}},"18":{"start":{"line":57,"column":4},"end":{"line":61,"column":5}},"19":{"start":{"line":58,"column":6},"end":{"line":58,"column":48}},"20":{"start":{"line":60,"column":6},"end":{"line":60,"column":18}},"21":{"start":{"line":84,"column":8},"end":{"line":84,"column":18}},"22":{"start":{"line":89,"column":8},"end":{"line":89,"column":18}},"23":{"start":{"line":91,"column":4},"end":{"line":111,"column":5}},"24":{"start":{"line":92,"column":6},"end":{"line":92,"column":59}},"25":{"start":{"line":93,"column":11},"end":{"line":111,"column":5}},"26":{"start":{"line":94,"column":6},"end":{"line":98,"column":7}},"27":{"start":{"line":95,"column":8},"end":{"line":95,"column":61}},"28":{"start":{"line":97,"column":8},"end":{"line":97,"column":57}},"29":{"start":{"line":99,"column":11},"end":{"line":111,"column":5}},"30":{"start":{"line":100,"column":6},"end":{"line":104,"column":7}},"31":{"start":{"line":101,"column":8},"end":{"line":101,"column":61}},"32":{"start":{"line":103,"column":8},"end":{"line":103,"column":41}},"33":{"start":{"line":105,"column":11},"end":{"line":111,"column":5}},"34":{"start":{"line":106,"column":6},"end":{"line":110,"column":7}},"35":{"start":{"line":107,"column":8},"end":{"line":107,"column":61}},"36":{"start":{"line":109,"column":8},"end":{"line":109,"column":57}},"37":{"start":{"line":115,"column":14},"end":{"line":115,"column":25}},"38":{"start":{"line":116,"column":4},"end":{"line":119,"column":5}},"39":{"start":{"line":117,"column":6},"end":{"line":117,"column":49}},"40":{"start":{"line":118,"column":6},"end":{"line":118,"column":28}},"41":{"start":{"line":120,"column":4},"end":{"line":120,"column":37}},"42":{"start":{"line":124,"column":4},"end":{"line":124,"column":26}},"43":{"start":{"line":125,"column":18},"end":{"line":125,"column":39}},"44":{"start":{"line":126,"column":30},"end":{"line":126,"column":40}},"45":{"start":{"line":128,"column":4},"end":{"line":153,"column":5}},"46":{"start":{"line":129,"column":27},"end":{"line":129,"column":56}},"47":{"start":{"line":131,"column":23},"end":{"line":131,"column":31}},"48":{"start":{"line":132,"column":6},"end":{"line":132,"column":57}},"49":{"start":{"line":132,"column":35},"end":{"line":132,"column":57}},"50":{"start":{"line":133,"column":28},"end":{"line":143,"column":8}},"51":{"start":{"line":134,"column":19},"end":{"line":134,"column":29}},"52":{"start":{"line":135,"column":8},"end":{"line":140,"column":9}},"53":{"start":{"line":136,"column":10},"end":{"line":136,"column":47}},"54":{"start":{"line":137,"column":10},"end":{"line":137,"column":67}},"55":{"start":{"line":137,"column":35},"end":{"line":137,"column":67}},"56":{"start":{"line":138,"column":10},"end":{"line":138,"column":37}},"57":{"start":{"line":139,"column":10},"end":{"line":139,"column":32}},"58":{"start":{"line":144,"column":6},"end":{"line":144,"column":35}},"59":{"start":{"line":145,"column":6},"end":{"line":147,"column":8}},"60":{"start":{"line":150,"column":6},"end":{"line":150,"column":43}},"61":{"start":{"line":151,"column":6},"end":{"line":151,"column":63}},"62":{"start":{"line":151,"column":31},"end":{"line":151,"column":63}},"63":{"start":{"line":152,"column":6},"end":{"line":152,"column":28}},"64":{"start":{"line":157,"column":24},"end":{"line":157,"column":34}},"65":{"start":{"line":158,"column":4},"end":{"line":158,"column":38}},"66":{"start":{"line":158,"column":17},"end":{"line":158,"column":38}},"67":{"start":{"line":162,"column":25},"end":{"line":162,"column":35}},"68":{"start":{"line":163,"column":125},"end":{"line":163,"column":135}},"69":{"start":{"line":164,"column":4},"end":{"line":169,"column":7}},"70":{"start":{"line":173,"column":0},"end":{"line":173,"column":31}}},"fnMap":{"0":{"name":"(anonymous_0)","decl":{"start":{"line":12,"column":2},"end":{"line":12,"column":3}},"loc":{"start":{"line":12,"column":30},"end":{"line":23,"column":3}},"line":12},"1":{"name":"(anonymous_1)","decl":{"start":{"line":25,"column":2},"end":{"line":25,"column":3}},"loc":{"start":{"line":25,"column":11},"end":{"line":54,"column":3}},"line":25},"2":{"name":"(anonymous_2)","decl":{"start":{"line":56,"column":2},"end":{"line":56,"column":3}},"loc":{"start":{"line":56,"column":27},"end":{"line":62,"column":3}},"line":56},"3":{"name":"(anonymous_3)","decl":{"start":{"line":64,"column":2},"end":{"line":64,"column":3}},"loc":{"start":{"line":64,"column":19},"end":{"line":112,"column":3}},"line":64},"4":{"name":"(anonymous_4)","decl":{"start":{"line":114,"column":2},"end":{"line":114,"column":3}},"loc":{"start":{"line":114,"column":29},"end":{"line":121,"column":3}},"line":114},"5":{"name":"(anonymous_5)","decl":{"start":{"line":116,"column":17},"end":{"line":116,"column":18}},"loc":{"start":{"line":116,"column":23},"end":{"line":119,"column":5}},"line":116},"6":{"name":"(anonymous_6)","decl":{"start":{"line":123,"column":2},"end":{"line":123,"column":3}},"loc":{"start":{"line":123,"column":22},"end":{"line":154,"column":3}},"line":123},"7":{"name":"(anonymous_7)","decl":{"start":{"line":133,"column":53},"end":{"line":133,"column":54}},"loc":{"start":{"line":133,"column":64},"end":{"line":141,"column":7}},"line":133},"8":{"name":"(anonymous_8)","decl":{"start":{"line":156,"column":2},"end":{"line":156,"column":3}},"loc":{"start":{"line":156,"column":25},"end":{"line":159,"column":3}},"line":156},"9":{"name":"(anonymous_9)","decl":{"start":{"line":161,"column":2},"end":{"line":161,"column":3}},"loc":{"start":{"line":161,"column":11},"end":{"line":170,"column":3}},"line":161}},"branchMap":{"0":{"loc":{"start":{"line":32,"column":19},"end":{"line":32,"column":71}},"type":"binary-expr","locations":[{"start":{"line":32,"column":19},"end":{"line":32,"column":41}},{"start":{"line":32,"column":45},"end":{"line":32,"column":71}}],"line":32},"1":{"loc":{"start":{"line":33,"column":11},"end":{"line":33,"column":36}},"type":"binary-expr","locations":[{"start":{"line":33,"column":11},"end":{"line":33,"column":14}},{"start":{"line":33,"column":18},"end":{"line":33,"column":36}}],"line":33},"2":{"loc":{"start":{"line":34,"column":12},"end":{"line":34,"column":39}},"type":"binary-expr","locations":[{"start":{"line":34,"column":12},"end":{"line":34,"column":16}},{"start":{"line":34,"column":20},"end":{"line":34,"column":39}}],"line":34},"3":{"loc":{"start":{"line":35,"column":22},"end":{"line":35,"column":69}},"type":"binary-expr","locations":[{"start":{"line":35,"column":22},"end":{"line":35,"column":36}},{"start":{"line":35,"column":40},"end":{"line":35,"column":69}}],"line":35},"4":{"loc":{"start":{"line":36,"column":30},"end":{"line":36,"column":93}},"type":"binary-expr","locations":[{"start":{"line":36,"column":30},"end":{"line":36,"column":52}},{"start":{"line":36,"column":56},"end":{"line":36,"column":93}}],"line":36},"5":{"loc":{"start":{"line":37,"column":23},"end":{"line":37,"column":72}},"type":"binary-expr","locations":[{"start":{"line":37,"column":23},"end":{"line":37,"column":38}},{"start":{"line":37,"column":42},"end":{"line":37,"column":72}}],"line":37},"6":{"loc":{"start":{"line":42,"column":4},"end":{"line":51,"column":5}},"type":"if","locations":[{"start":{"line":42,"column":4},"end":{"line":51,"column":5}},{"start":{"line":42,"column":4},"end":{"line":51,"column":5}}],"line":42},"7":{"loc":{"start":{"line":42,"column":8},"end":{"line":42,"column":27}},"type":"binary-expr","locations":[{"start":{"line":42,"column":8},"end":{"line":42,"column":12}},{"start":{"line":42,"column":16},"end":{"line":42,"column":27}}],"line":42},"8":{"loc":{"start":{"line":43,"column":20},"end":{"line":43,"column":72}},"type":"binary-expr","locations":[{"start":{"line":43,"column":20},"end":{"line":43,"column":66}},{"start":{"line":43,"column":70},"end":{"line":43,"column":72}}],"line":43},"9":{"loc":{"start":{"line":43,"column":30},"end":{"line":43,"column":60}},"type":"binary-expr","locations":[{"start":{"line":43,"column":30},"end":{"line":43,"column":42}},{"start":{"line":43,"column":46},"end":{"line":43,"column":60}}],"line":43},"10":{"loc":{"start":{"line":44,"column":17},"end":{"line":44,"column":60}},"type":"binary-expr","locations":[{"start":{"line":44,"column":17},"end":{"line":44,"column":55}},{"start":{"line":44,"column":59},"end":{"line":44,"column":60}}],"line":44},"11":{"loc":{"start":{"line":44,"column":27},"end":{"line":44,"column":49}},"type":"binary-expr","locations":[{"start":{"line":44,"column":27},"end":{"line":44,"column":36}},{"start":{"line":44,"column":40},"end":{"line":44,"column":49}}],"line":44},"12":{"loc":{"start":{"line":45,"column":31},"end":{"line":45,"column":59}},"type":"binary-expr","locations":[{"start":{"line":45,"column":31},"end":{"line":45,"column":53}},{"start":{"line":45,"column":57},"end":{"line":45,"column":59}}],"line":45},"13":{"loc":{"start":{"line":87,"column":6},"end":{"line":87,"column":17}},"type":"default-arg","locations":[{"start":{"line":87,"column":13},"end":{"line":87,"column":17}}],"line":87},"14":{"loc":{"start":{"line":91,"column":4},"end":{"line":111,"column":5}},"type":"if","locations":[{"start":{"line":91,"column":4},"end":{"line":111,"column":5}},{"start":{"line":91,"column":4},"end":{"line":111,"column":5}}],"line":91},"15":{"loc":{"start":{"line":91,"column":8},"end":{"line":91,"column":43}},"type":"binary-expr","locations":[{"start":{"line":91,"column":8},"end":{"line":91,"column":26}},{"start":{"line":91,"column":30},"end":{"line":91,"column":43}}],"line":91},"16":{"loc":{"start":{"line":93,"column":11},"end":{"line":111,"column":5}},"type":"if","locations":[{"start":{"line":93,"column":11},"end":{"line":111,"column":5}},{"start":{"line":93,"column":11},"end":{"line":111,"column":5}}],"line":93},"17":{"loc":{"start":{"line":93,"column":15},"end":{"line":93,"column":56}},"type":"binary-expr","locations":[{"start":{"line":93,"column":15},"end":{"line":93,"column":33}},{"start":{"line":93,"column":37},"end":{"line":93,"column":41}},{"start":{"line":93,"column":45},"end":{"line":93,"column":56}}],"line":93},"18":{"loc":{"start":{"line":94,"column":6},"end":{"line":98,"column":7}},"type":"if","locations":[{"start":{"line":94,"column":6},"end":{"line":98,"column":7}},{"start":{"line":94,"column":6},"end":{"line":98,"column":7}}],"line":94},"19":{"loc":{"start":{"line":99,"column":11},"end":{"line":111,"column":5}},"type":"if","locations":[{"start":{"line":99,"column":11},"end":{"line":111,"column":5}},{"start":{"line":99,"column":11},"end":{"line":111,"column":5}}],"line":99},"20":{"loc":{"start":{"line":99,"column":15},"end":{"line":99,"column":50}},"type":"binary-expr","locations":[{"start":{"line":99,"column":15},"end":{"line":99,"column":33}},{"start":{"line":99,"column":37},"end":{"line":99,"column":50}}],"line":99},"21":{"loc":{"start":{"line":100,"column":6},"end":{"line":104,"column":7}},"type":"if","locations":[{"start":{"line":100,"column":6},"end":{"line":104,"column":7}},{"start":{"line":100,"column":6},"end":{"line":104,"column":7}}],"line":100},"22":{"loc":{"start":{"line":105,"column":11},"end":{"line":111,"column":5}},"type":"if","locations":[{"start":{"line":105,"column":11},"end":{"line":111,"column":5}},{"start":{"line":105,"column":11},"end":{"line":111,"column":5}}],"line":105},"23":{"loc":{"start":{"line":105,"column":15},"end":{"line":105,"column":56}},"type":"binary-expr","locations":[{"start":{"line":105,"column":15},"end":{"line":105,"column":33}},{"start":{"line":105,"column":37},"end":{"line":105,"column":41}},{"start":{"line":105,"column":45},"end":{"line":105,"column":56}}],"line":105},"24":{"loc":{"start":{"line":106,"column":6},"end":{"line":110,"column":7}},"type":"if","locations":[{"start":{"line":106,"column":6},"end":{"line":110,"column":7}},{"start":{"line":106,"column":6},"end":{"line":110,"column":7}}],"line":106},"25":{"loc":{"start":{"line":106,"column":10},"end":{"line":106,"column":42}},"type":"binary-expr","locations":[{"start":{"line":106,"column":10},"end":{"line":106,"column":21}},{"start":{"line":106,"column":25},"end":{"line":106,"column":42}}],"line":106},"26":{"loc":{"start":{"line":128,"column":4},"end":{"line":153,"column":5}},"type":"if","locations":[{"start":{"line":128,"column":4},"end":{"line":153,"column":5}},{"start":{"line":128,"column":4},"end":{"line":153,"column":5}}],"line":128},"27":{"loc":{"start":{"line":128,"column":8},"end":{"line":128,"column":72}},"type":"binary-expr","locations":[{"start":{"line":128,"column":8},"end":{"line":128,"column":14}},{"start":{"line":128,"column":18},"end":{"line":128,"column":50}},{"start":{"line":128,"column":54},"end":{"line":128,"column":72}}],"line":128},"28":{"loc":{"start":{"line":132,"column":6},"end":{"line":132,"column":57}},"type":"if","locations":[{"start":{"line":132,"column":6},"end":{"line":132,"column":57}},{"start":{"line":132,"column":6},"end":{"line":132,"column":57}}],"line":132},"29":{"loc":{"start":{"line":135,"column":8},"end":{"line":140,"column":9}},"type":"if","locations":[{"start":{"line":135,"column":8},"end":{"line":140,"column":9}},{"start":{"line":135,"column":8},"end":{"line":140,"column":9}}],"line":135},"30":{"loc":{"start":{"line":135,"column":12},"end":{"line":135,"column":35}},"type":"binary-expr","locations":[{"start":{"line":135,"column":12},"end":{"line":135,"column":14}},{"start":{"line":135,"column":18},"end":{"line":135,"column":35}}],"line":135},"31":{"loc":{"start":{"line":137,"column":10},"end":{"line":137,"column":67}},"type":"if","locations":[{"start":{"line":137,"column":10},"end":{"line":137,"column":67}},{"start":{"line":137,"column":10},"end":{"line":137,"column":67}}],"line":137},"32":{"loc":{"start":{"line":137,"column":14},"end":{"line":137,"column":33}},"type":"binary-expr","locations":[{"start":{"line":137,"column":14},"end":{"line":137,"column":18}},{"start":{"line":137,"column":22},"end":{"line":137,"column":33}}],"line":137},"33":{"loc":{"start":{"line":151,"column":6},"end":{"line":151,"column":63}},"type":"if","locations":[{"start":{"line":151,"column":6},"end":{"line":151,"column":63}},{"start":{"line":151,"column":6},"end":{"line":151,"column":63}}],"line":151},"34":{"loc":{"start":{"line":151,"column":10},"end":{"line":151,"column":29}},"type":"binary-expr","locations":[{"start":{"line":151,"column":10},"end":{"line":151,"column":14}},{"start":{"line":151,"column":18},"end":{"line":151,"column":29}}],"line":151},"35":{"loc":{"start":{"line":158,"column":4},"end":{"line":158,"column":38}},"type":"if","locations":[{"start":{"line":158,"column":4},"end":{"line":158,"column":38}},{"start":{"line":158,"column":4},"end":{"line":158,"column":38}}],"line":158},"36":{"loc":{"start":{"line":165,"column":11},"end":{"line":165,"column":31}},"type":"binary-expr","locations":[{"start":{"line":165,"column":11},"end":{"line":165,"column":25}},{"start":{"line":165,"column":29},"end":{"line":165,"column":31}}],"line":165}},"s":{"0":3,"1":20,"2":20,"3":20,"4":20,"5":20,"6":20,"7":20,"8":20,"9":20,"10":20,"11":20,"12":5,"13":5,"14":5,"15":5,"16":5,"17":20,"18":0,"19":0,"20":0,"21":40,"22":40,"23":40,"24":30,"25":10,"26":10,"27":0,"28":10,"29":0,"30":0,"31":0,"32":0,"33":0,"34":0,"35":0,"36":0,"37":5,"38":5,"39":0,"40":0,"41":5,"42":20,"43":20,"44":20,"45":20,"46":0,"47":0,"48":0,"49":0,"50":0,"51":0,"52":0,"53":0,"54":0,"55":0,"56":0,"57":0,"58":0,"59":0,"60":20,"61":20,"62":5,"63":20,"64":0,"65":0,"66":0,"67":52,"68":52,"69":52,"70":3},"f":{"0":20,"1":20,"2":0,"3":40,"4":5,"5":0,"6":20,"7":0,"8":0,"9":52},"b":{"0":[20,1],"1":[20,14],"2":[20,6],"3":[20,8],"4":[20,18],"5":[20,18],"6":[5,15],"7":[20,5],"8":[5,0],"9":[5,0],"10":[5,4],"11":[5,4],"12":[5,2],"13":[30],"14":[30,10],"15":[40,40],"16":[10,0],"17":[10,10,10],"18":[0,10],"19":[0,0],"20":[0,0],"21":[0,0],"22":[0,0],"23":[0,0,0],"24":[0,0],"25":[0,0],"26":[0,20],"27":[20,20,0],"28":[0,0],"29":[0,0],"30":[0,0],"31":[0,0],"32":[0,0],"33":[5,15],"34":[20,5],"35":[0,0],"36":[52,49]},"_coverageSchema":"1a1c01bbd47fc00a2c39e90264f33305004495a9","hash":"96e609bd1fed3150c0afbebf9a531b9fcc45cb90"}
,"/Users/niksh/projects/tutorial/imagekit-react/src/components/IKImage/props.js": {"path":"/Users/niksh/projects/tutorial/imagekit-react/src/components/IKImage/props.js","statementMap":{},"fnMap":{},"branchMap":{},"s":{},"f":{},"b":{},"_coverageSchema":"1a1c01bbd47fc00a2c39e90264f33305004495a9","hash":"74e557b1c1e2a497bbcb89ece0b45282fc8f4bd5"}
,"/Users/niksh/projects/tutorial/imagekit-react/src/components/IKUpload/index.js": {"path":"/Users/niksh/projects/tutorial/imagekit-react/src/components/IKUpload/index.js","statementMap":{"0":{"start":{"line":6,"column":19},"end":{"line":9,"column":1}},"1":{"start":{"line":13,"column":27},"end":{"line":13,"column":44}},"2":{"start":{"line":25,"column":8},"end":{"line":25,"column":18}},"3":{"start":{"line":27,"column":22},"end":{"line":27,"column":70}},"4":{"start":{"line":28,"column":35},"end":{"line":28,"column":109}},"5":{"start":{"line":29,"column":24},"end":{"line":29,"column":76}},"6":{"start":{"line":31,"column":4},"end":{"line":38,"column":5}},"7":{"start":{"line":32,"column":6},"end":{"line":36,"column":7}},"8":{"start":{"line":33,"column":8},"end":{"line":35,"column":11}},"9":{"start":{"line":37,"column":6},"end":{"line":37,"column":13}},"10":{"start":{"line":40,"column":4},"end":{"line":47,"column":5}},"11":{"start":{"line":41,"column":6},"end":{"line":45,"column":7}},"12":{"start":{"line":42,"column":8},"end":{"line":44,"column":11}},"13":{"start":{"line":46,"column":6},"end":{"line":46,"column":13}},"14":{"start":{"line":49,"column":4},"end":{"line":56,"column":5}},"15":{"start":{"line":50,"column":6},"end":{"line":54,"column":7}},"16":{"start":{"line":51,"column":8},"end":{"line":53,"column":11}},"17":{"start":{"line":55,"column":6},"end":{"line":55,"column":13}},"18":{"start":{"line":58,"column":19},"end":{"line":58,"column":37}},"19":{"start":{"line":60,"column":17},"end":{"line":60,"column":34}},"20":{"start":{"line":62,"column":17},"end":{"line":71,"column":5}},"21":{"start":{"line":73,"column":4},"end":{"line":86,"column":6}},"22":{"start":{"line":74,"column":6},"end":{"line":82,"column":7}},"23":{"start":{"line":75,"column":8},"end":{"line":77,"column":9}},"24":{"start":{"line":76,"column":10},"end":{"line":76,"column":23}},"25":{"start":{"line":79,"column":8},"end":{"line":81,"column":9}},"26":{"start":{"line":80,"column":10},"end":{"line":80,"column":28}},"27":{"start":{"line":104,"column":8},"end":{"line":104,"column":18}},"28":{"start":{"line":106,"column":4},"end":{"line":117,"column":5}},"29":{"start":{"line":111,"column":10},"end":{"line":113,"column":11}},"30":{"start":{"line":112,"column":12},"end":{"line":112,"column":35}},"31":{"start":{"line":114,"column":10},"end":{"line":114,"column":29}},"32":{"start":{"line":121,"column":0},"end":{"line":128,"column":1}},"33":{"start":{"line":130,"column":0},"end":{"line":130,"column":32}}},"fnMap":{"0":{"name":"(anonymous_0)","decl":{"start":{"line":12,"column":2},"end":{"line":12,"column":3}},"loc":{"start":{"line":12,"column":16},"end":{"line":87,"column":3}},"line":12},"1":{"name":"(anonymous_1)","decl":{"start":{"line":73,"column":28},"end":{"line":73,"column":29}},"loc":{"start":{"line":73,"column":45},"end":{"line":83,"column":5}},"line":73},"2":{"name":"(anonymous_2)","decl":{"start":{"line":89,"column":2},"end":{"line":89,"column":3}},"loc":{"start":{"line":89,"column":11},"end":{"line":118,"column":3}},"line":89},"3":{"name":"(anonymous_3)","decl":{"start":{"line":110,"column":18},"end":{"line":110,"column":19}},"loc":{"start":{"line":110,"column":25},"end":{"line":115,"column":9}},"line":110}},"branchMap":{"0":{"loc":{"start":{"line":27,"column":22},"end":{"line":27,"column":70}},"type":"binary-expr","locations":[{"start":{"line":27,"column":22},"end":{"line":27,"column":42}},{"start":{"line":27,"column":46},"end":{"line":27,"column":70}}],"line":27},"1":{"loc":{"start":{"line":28,"column":35},"end":{"line":28,"column":109}},"type":"binary-expr","locations":[{"start":{"line":28,"column":35},"end":{"line":28,"column":68}},{"start":{"line":28,"column":72},"end":{"line":28,"column":109}}],"line":28},"2":{"loc":{"start":{"line":29,"column":24},"end":{"line":29,"column":76}},"type":"binary-expr","locations":[{"start":{"line":29,"column":24},"end":{"line":29,"column":46}},{"start":{"line":29,"column":50},"end":{"line":29,"column":76}}],"line":29},"3":{"loc":{"start":{"line":31,"column":4},"end":{"line":38,"column":5}},"type":"if","locations":[{"start":{"line":31,"column":4},"end":{"line":38,"column":5}},{"start":{"line":31,"column":4},"end":{"line":38,"column":5}}],"line":31},"4":{"loc":{"start":{"line":31,"column":8},"end":{"line":31,"column":45}},"type":"binary-expr","locations":[{"start":{"line":31,"column":8},"end":{"line":31,"column":18}},{"start":{"line":31,"column":22},"end":{"line":31,"column":45}}],"line":31},"5":{"loc":{"start":{"line":32,"column":6},"end":{"line":36,"column":7}},"type":"if","locations":[{"start":{"line":32,"column":6},"end":{"line":36,"column":7}},{"start":{"line":32,"column":6},"end":{"line":36,"column":7}}],"line":32},"6":{"loc":{"start":{"line":32,"column":10},"end":{"line":32,"column":50}},"type":"binary-expr","locations":[{"start":{"line":32,"column":10},"end":{"line":32,"column":17}},{"start":{"line":32,"column":21},"end":{"line":32,"column":50}}],"line":32},"7":{"loc":{"start":{"line":40,"column":4},"end":{"line":47,"column":5}},"type":"if","locations":[{"start":{"line":40,"column":4},"end":{"line":47,"column":5}},{"start":{"line":40,"column":4},"end":{"line":47,"column":5}}],"line":40},"8":{"loc":{"start":{"line":40,"column":8},"end":{"line":40,"column":71}},"type":"binary-expr","locations":[{"start":{"line":40,"column":8},"end":{"line":40,"column":31}},{"start":{"line":40,"column":35},"end":{"line":40,"column":71}}],"line":40},"9":{"loc":{"start":{"line":41,"column":6},"end":{"line":45,"column":7}},"type":"if","locations":[{"start":{"line":41,"column":6},"end":{"line":45,"column":7}},{"start":{"line":41,"column":6},"end":{"line":45,"column":7}}],"line":41},"10":{"loc":{"start":{"line":41,"column":10},"end":{"line":41,"column":50}},"type":"binary-expr","locations":[{"start":{"line":41,"column":10},"end":{"line":41,"column":17}},{"start":{"line":41,"column":21},"end":{"line":41,"column":50}}],"line":41},"11":{"loc":{"start":{"line":49,"column":4},"end":{"line":56,"column":5}},"type":"if","locations":[{"start":{"line":49,"column":4},"end":{"line":56,"column":5}},{"start":{"line":49,"column":4},"end":{"line":56,"column":5}}],"line":49},"12":{"loc":{"start":{"line":49,"column":8},"end":{"line":49,"column":49}},"type":"binary-expr","locations":[{"start":{"line":49,"column":8},"end":{"line":49,"column":20}},{"start":{"line":49,"column":24},"end":{"line":49,"column":49}}],"line":49},"13":{"loc":{"start":{"line":50,"column":6},"end":{"line":54,"column":7}},"type":"if","locations":[{"start":{"line":50,"column":6},"end":{"line":54,"column":7}},{"start":{"line":50,"column":6},"end":{"line":54,"column":7}}],"line":50},"14":{"loc":{"start":{"line":50,"column":10},"end":{"line":50,"column":50}},"type":"binary-expr","locations":[{"start":{"line":50,"column":10},"end":{"line":50,"column":17}},{"start":{"line":50,"column":21},"end":{"line":50,"column":50}}],"line":50},"15":{"loc":{"start":{"line":64,"column":16},"end":{"line":64,"column":37}},"type":"binary-expr","locations":[{"start":{"line":64,"column":16},"end":{"line":64,"column":24}},{"start":{"line":64,"column":28},"end":{"line":64,"column":37}}],"line":64},"16":{"loc":{"start":{"line":74,"column":6},"end":{"line":82,"column":7}},"type":"if","locations":[{"start":{"line":74,"column":6},"end":{"line":82,"column":7}},{"start":{"line":74,"column":6},"end":{"line":82,"column":7}}],"line":74},"17":{"loc":{"start":{"line":75,"column":8},"end":{"line":77,"column":9}},"type":"if","locations":[{"start":{"line":75,"column":8},"end":{"line":77,"column":9}},{"start":{"line":75,"column":8},"end":{"line":77,"column":9}}],"line":75},"18":{"loc":{"start":{"line":75,"column":12},"end":{"line":75,"column":52}},"type":"binary-expr","locations":[{"start":{"line":75,"column":12},"end":{"line":75,"column":19}},{"start":{"line":75,"column":23},"end":{"line":75,"column":52}}],"line":75},"19":{"loc":{"start":{"line":79,"column":8},"end":{"line":81,"column":9}},"type":"if","locations":[{"start":{"line":79,"column":8},"end":{"line":81,"column":9}},{"start":{"line":79,"column":8},"end":{"line":81,"column":9}}],"line":79},"20":{"loc":{"start":{"line":79,"column":12},"end":{"line":79,"column":56}},"type":"binary-expr","locations":[{"start":{"line":79,"column":12},"end":{"line":79,"column":21}},{"start":{"line":79,"column":25},"end":{"line":79,"column":56}}],"line":79},"21":{"loc":{"start":{"line":111,"column":10},"end":{"line":113,"column":11}},"type":"if","locations":[{"start":{"line":111,"column":10},"end":{"line":113,"column":11}},{"start":{"line":111,"column":10},"end":{"line":113,"column":11}}],"line":111},"22":{"loc":{"start":{"line":111,"column":14},"end":{"line":111,"column":78}},"type":"binary-expr","locations":[{"start":{"line":111,"column":14},"end":{"line":111,"column":33}},{"start":{"line":111,"column":37},"end":{"line":111,"column":78}}],"line":111}},"s":{"0":1,"1":0,"2":0,"3":0,"4":0,"5":0,"6":0,"7":0,"8":0,"9":0,"10":0,"11":0,"12":0,"13":0,"14":0,"15":0,"16":0,"17":0,"18":0,"19":0,"20":0,"21":0,"22":0,"23":0,"24":0,"25":0,"26":0,"27":4,"28":4,"29":0,"30":0,"31":0,"32":1,"33":1},"f":{"0":0,"1":0,"2":4,"3":0},"b":{"0":[0,0],"1":[0,0],"2":[0,0],"3":[0,0],"4":[0,0],"5":[0,0],"6":[0,0],"7":[0,0],"8":[0,0],"9":[0,0],"10":[0,0],"11":[0,0],"12":[0,0],"13":[0,0],"14":[0,0],"15":[0,0],"16":[0,0],"17":[0,0],"18":[0,0],"19":[0,0],"20":[0,0],"21":[0,0],"22":[0,0]},"_coverageSchema":"1a1c01bbd47fc00a2c39e90264f33305004495a9","hash":"d7ebc9cbe58a2527c30f7c56ace8e7a3a1181141"}
,"/Users/niksh/projects/tutorial/imagekit-react/src/components/IKUpload/props.js": {"path":"/Users/niksh/projects/tutorial/imagekit-react/src/components/IKUpload/props.js","statementMap":{},"fnMap":{},"branchMap":{},"s":{},"f":{},"b":{},"_coverageSchema":"1a1c01bbd47fc00a2c39e90264f33305004495a9","hash":"13aecdc8343a60b72bbbc2825d4c14c7e7b77181"}
,"/Users/niksh/projects/tutorial/imagekit-react/src/components/ImageKitComponent/index.js": {"path":"/Users/niksh/projects/tutorial/imagekit-react/src/components/ImageKitComponent/index.js","statementMap":{"0":{"start":{"line":9,"column":4},"end":{"line":9,"column":26}},"1":{"start":{"line":10,"column":4},"end":{"line":10,"column":49}},"2":{"start":{"line":14,"column":4},"end":{"line":14,"column":23}},"3":{"start":{"line":18,"column":4},"end":{"line":18,"column":30}},"4":{"start":{"line":22,"column":27},"end":{"line":22,"column":44}},"5":{"start":{"line":23,"column":4},"end":{"line":25,"column":5}},"6":{"start":{"line":24,"column":6},"end":{"line":24,"column":37}},"7":{"start":{"line":26,"column":26},"end":{"line":26,"column":36}},"8":{"start":{"line":27,"column":4},"end":{"line":27,"column":60}},"9":{"start":{"line":29,"column":4},"end":{"line":31,"column":5}},"10":{"start":{"line":30,"column":6},"end":{"line":30,"column":67}},"11":{"start":{"line":32,"column":19},"end":{"line":35,"column":6}},"12":{"start":{"line":36,"column":4},"end":{"line":36,"column":20}},"13":{"start":{"line":40,"column":4},"end":{"line":40,"column":16}},"14":{"start":{"line":44,"column":0},"end":{"line":44,"column":52}}},"fnMap":{"0":{"name":"(anonymous_0)","decl":{"start":{"line":8,"column":2},"end":{"line":8,"column":3}},"loc":{"start":{"line":8,"column":30},"end":{"line":11,"column":3}},"line":8},"1":{"name":"(anonymous_1)","decl":{"start":{"line":13,"column":2},"end":{"line":13,"column":3}},"loc":{"start":{"line":13,"column":15},"end":{"line":15,"column":3}},"line":13},"2":{"name":"(anonymous_2)","decl":{"start":{"line":17,"column":2},"end":{"line":17,"column":3}},"loc":{"start":{"line":17,"column":15},"end":{"line":19,"column":3}},"line":17},"3":{"name":"(anonymous_3)","decl":{"start":{"line":21,"column":2},"end":{"line":21,"column":3}},"loc":{"start":{"line":21,"column":16},"end":{"line":37,"column":3}},"line":21},"4":{"name":"(anonymous_4)","decl":{"start":{"line":39,"column":2},"end":{"line":39,"column":3}},"loc":{"start":{"line":39,"column":11},"end":{"line":41,"column":3}},"line":39}},"branchMap":{"0":{"loc":{"start":{"line":18,"column":11},"end":{"line":18,"column":29}},"type":"binary-expr","locations":[{"start":{"line":18,"column":11},"end":{"line":18,"column":23}},{"start":{"line":18,"column":27},"end":{"line":18,"column":29}}],"line":18},"1":{"loc":{"start":{"line":23,"column":4},"end":{"line":25,"column":5}},"type":"if","locations":[{"start":{"line":23,"column":4},"end":{"line":25,"column":5}},{"start":{"line":23,"column":4},"end":{"line":25,"column":5}}],"line":23},"2":{"loc":{"start":{"line":27,"column":18},"end":{"line":27,"column":59}},"type":"binary-expr","locations":[{"start":{"line":27,"column":18},"end":{"line":27,"column":29}},{"start":{"line":27,"column":33},"end":{"line":27,"column":59}}],"line":27},"3":{"loc":{"start":{"line":29,"column":4},"end":{"line":31,"column":5}},"type":"if","locations":[{"start":{"line":29,"column":4},"end":{"line":31,"column":5}},{"start":{"line":29,"column":4},"end":{"line":31,"column":5}}],"line":29},"4":{"loc":{"start":{"line":29,"column":7},"end":{"line":29,"column":48}},"type":"binary-expr","locations":[{"start":{"line":29,"column":7},"end":{"line":29,"column":19}},{"start":{"line":29,"column":23},"end":{"line":29,"column":48}}],"line":29}},"s":{"0":30,"1":30,"2":24,"3":46,"4":20,"5":20,"6":2,"7":18,"8":18,"9":18,"10":0,"11":18,"12":18,"13":0,"14":4},"f":{"0":30,"1":24,"2":46,"3":20,"4":0},"b":{"0":[46,18],"1":[2,18],"2":[18,0],"3":[0,18],"4":[18,18]},"_coverageSchema":"1a1c01bbd47fc00a2c39e90264f33305004495a9","hash":"ffb137fb6a18f3bfb2371a25b0ff7fce90dcf7ad"}
}
