TN:
SF:src/components/ErrorBoundary.js
FN:4,(anonymous_0)
FN:13,(anonymous_1)
FN:18,(anonymous_2)
FNF:3
FNH:3
FNDA:3,(anonymous_0)
FNDA:3,(anonymous_1)
FNDA:6,(anonymous_2)
DA:5,3
DA:6,3
DA:15,3
DA:19,6
DA:21,3
DA:23,3
LF:6
LH:6
BRDA:19,0,0,3
BRDA:19,0,1,3
BRF:2
BRH:2
end_of_record
TN:
SF:src/components/IKContext/ImageKitContextType.js
FNF:0
FNH:0
DA:2,5
LF:1
LH:1
BRF:0
BRH:0
end_of_record
TN:
SF:src/components/IKContext/index.js
FN:25,(anonymous_0)
FN:39,(anonymous_1)
FNF:2
FNH:2
FNDA:8,(anonymous_0)
FNDA:8,(anonymous_1)
DA:9,2
DA:26,8
DA:28,8
DA:30,8
DA:31,152
DA:32,152
DA:33,152
DA:36,8
DA:40,8
DA:42,8
DA:44,8
DA:46,8
DA:47,8
DA:53,8
DA:61,2
DA:62,2
LF:16
LH:16
BRDA:33,0,0,19
BRDA:33,0,1,133
BRDA:46,1,0,8
BRDA:46,1,1,0
BRDA:46,2,0,8
BRDA:46,2,1,8
BRF:6
BRH:5
end_of_record
TN:
SF:src/components/IKContext/props.js
FNF:0
FNH:0
LF:0
LH:0
BRF:0
BRH:0
end_of_record
TN:
SF:src/components/IKImage/index.js
FN:12,(anonymous_0)
FN:25,(anonymous_1)
FN:56,(anonymous_2)
FN:64,(anonymous_3)
FN:114,(anonymous_4)
FN:116,(anonymous_5)
FN:123,(anonymous_6)
FN:133,(anonymous_7)
FN:156,(anonymous_8)
FN:161,(anonymous_9)
FNF:10
FNH:6
FNDA:27,(anonymous_0)
FNDA:27,(anonymous_1)
FNDA:0,(anonymous_2)
FNDA:46,(anonymous_3)
FNDA:5,(anonymous_4)
FNDA:0,(anonymous_5)
FNDA:23,(anonymous_6)
FNDA:0,(anonymous_7)
FNDA:0,(anonymous_8)
FNDA:66,(anonymous_9)
DA:6,4
DA:13,27
DA:14,27
DA:15,27
DA:16,23
DA:26,27
DA:27,27
DA:28,27
DA:29,23
DA:31,23
DA:40,23
DA:42,23
DA:43,5
DA:44,5
DA:45,5
DA:46,5
DA:50,5
DA:53,23
DA:57,0
DA:58,0
DA:60,0
DA:84,46
DA:89,46
DA:91,46
DA:92,36
DA:93,10
DA:94,10
DA:95,0
DA:97,10
DA:99,0
DA:100,0
DA:101,0
DA:103,0
DA:105,0
DA:106,0
DA:107,0
DA:109,0
DA:115,5
DA:116,5
DA:117,0
DA:118,0
DA:120,5
DA:124,23
DA:125,23
DA:126,23
DA:128,23
DA:129,0
DA:131,0
DA:132,0
DA:133,0
DA:134,0
DA:135,0
DA:136,0
DA:137,0
DA:138,0
DA:139,0
DA:144,0
DA:145,0
DA:150,23
DA:151,23
DA:152,23
DA:157,0
DA:158,0
DA:162,66
DA:163,66
DA:164,66
DA:173,4
LF:67
LH:39
BRDA:32,0,0,23
BRDA:32,0,1,2
BRDA:33,1,0,23
BRDA:33,1,1,17
BRDA:34,2,0,23
BRDA:34,2,1,6
BRDA:35,3,0,23
BRDA:35,3,1,8
BRDA:36,4,0,23
BRDA:36,4,1,20
BRDA:37,5,0,23
BRDA:37,5,1,21
BRDA:42,6,0,5
BRDA:42,6,1,18
BRDA:42,7,0,23
BRDA:42,7,1,5
BRDA:43,8,0,5
BRDA:43,8,1,0
BRDA:43,9,0,5
BRDA:43,9,1,0
BRDA:44,10,0,5
BRDA:44,10,1,4
BRDA:44,11,0,5
BRDA:44,11,1,4
BRDA:45,12,0,5
BRDA:45,12,1,2
BRDA:87,13,0,36
BRDA:91,14,0,36
BRDA:91,14,1,10
BRDA:91,15,0,46
BRDA:91,15,1,46
BRDA:93,16,0,10
BRDA:93,16,1,0
BRDA:93,17,0,10
BRDA:93,17,1,10
BRDA:93,17,2,10
BRDA:94,18,0,0
BRDA:94,18,1,10
BRDA:99,19,0,0
BRDA:99,19,1,0
BRDA:99,20,0,0
BRDA:99,20,1,0
BRDA:100,21,0,0
BRDA:100,21,1,0
BRDA:105,22,0,0
BRDA:105,22,1,0
BRDA:105,23,0,0
BRDA:105,23,1,0
BRDA:105,23,2,0
BRDA:106,24,0,0
BRDA:106,24,1,0
BRDA:106,25,0,0
BRDA:106,25,1,0
BRDA:128,26,0,0
BRDA:128,26,1,23
BRDA:128,27,0,23
BRDA:128,27,1,23
BRDA:128,27,2,0
BRDA:132,28,0,0
BRDA:132,28,1,0
BRDA:135,29,0,0
BRDA:135,29,1,0
BRDA:135,30,0,0
BRDA:135,30,1,0
BRDA:137,31,0,0
BRDA:137,31,1,0
BRDA:137,32,0,0
BRDA:137,32,1,0
BRDA:151,33,0,5
BRDA:151,33,1,18
BRDA:151,34,0,23
BRDA:151,34,1,5
BRDA:158,35,0,0
BRDA:158,35,1,0
BRDA:165,36,0,66
BRDA:165,36,1,60
BRF:76
BRH:43
end_of_record
TN:
SF:src/components/IKImage/props.js
FNF:0
FNH:0
LF:0
LH:0
BRF:0
BRH:0
end_of_record
TN:
SF:src/components/IKUpload/index.js
FN:12,(anonymous_0)
FN:73,(anonymous_1)
FN:89,(anonymous_2)
FN:110,(anonymous_3)
FNF:4
FNH:1
FNDA:0,(anonymous_0)
FNDA:0,(anonymous_1)
FNDA:5,(anonymous_2)
FNDA:0,(anonymous_3)
DA:6,2
DA:13,0
DA:25,0
DA:27,0
DA:28,0
DA:29,0
DA:31,0
DA:32,0
DA:33,0
DA:37,0
DA:40,0
DA:41,0
DA:42,0
DA:46,0
DA:49,0
DA:50,0
DA:51,0
DA:55,0
DA:58,0
DA:60,0
DA:62,0
DA:73,0
DA:74,0
DA:75,0
DA:76,0
DA:79,0
DA:80,0
DA:104,5
DA:106,5
DA:111,0
DA:112,0
DA:114,0
DA:121,2
DA:130,2
LF:34
LH:5
BRDA:27,0,0,0
BRDA:27,0,1,0
BRDA:28,1,0,0
BRDA:28,1,1,0
BRDA:29,2,0,0
BRDA:29,2,1,0
BRDA:31,3,0,0
BRDA:31,3,1,0
BRDA:31,4,0,0
BRDA:31,4,1,0
BRDA:32,5,0,0
BRDA:32,5,1,0
BRDA:32,6,0,0
BRDA:32,6,1,0
BRDA:40,7,0,0
BRDA:40,7,1,0
BRDA:40,8,0,0
BRDA:40,8,1,0
BRDA:41,9,0,0
BRDA:41,9,1,0
BRDA:41,10,0,0
BRDA:41,10,1,0
BRDA:49,11,0,0
BRDA:49,11,1,0
BRDA:49,12,0,0
BRDA:49,12,1,0
BRDA:50,13,0,0
BRDA:50,13,1,0
BRDA:50,14,0,0
BRDA:50,14,1,0
BRDA:64,15,0,0
BRDA:64,15,1,0
BRDA:74,16,0,0
BRDA:74,16,1,0
BRDA:75,17,0,0
BRDA:75,17,1,0
BRDA:75,18,0,0
BRDA:75,18,1,0
BRDA:79,19,0,0
BRDA:79,19,1,0
BRDA:79,20,0,0
BRDA:79,20,1,0
BRDA:111,21,0,0
BRDA:111,21,1,0
BRDA:111,22,0,0
BRDA:111,22,1,0
BRF:46
BRH:0
end_of_record
TN:
SF:src/components/IKUpload/props.js
FNF:0
FNH:0
LF:0
LH:0
BRF:0
BRH:0
end_of_record
TN:
SF:src/components/ImageKitComponent/index.js
FN:8,(anonymous_0)
FN:13,(anonymous_1)
FN:17,(anonymous_2)
FN:21,(anonymous_3)
FN:39,(anonymous_4)
FNF:5
FNH:4
FNDA:40,(anonymous_0)
FNDA:28,(anonymous_1)
FNDA:60,(anonymous_2)
FNDA:27,(anonymous_3)
FNDA:0,(anonymous_4)
DA:9,40
DA:10,40
DA:14,28
DA:18,60
DA:22,27
DA:23,27
DA:24,3
DA:26,24
DA:27,24
DA:29,24
DA:30,4
DA:32,20
DA:36,20
DA:40,0
DA:44,5
LF:15
LH:14
BRDA:18,0,0,60
BRDA:18,0,1,12
BRDA:23,1,0,3
BRDA:23,1,1,24
BRDA:27,2,0,24
BRDA:27,2,1,4
BRDA:29,3,0,4
BRDA:29,3,1,20
BRDA:29,4,0,24
BRDA:29,4,1,20
BRF:10
BRH:10
end_of_record
